# JRE version: OpenJDK Runtime Environment (8.0_202-b03) (build 1.8.0_202-release-1483-b03)
# Java VM: OpenJDK 64-Bit Server VM (25.202-b03 mixed mode windows-amd64 compressed oops)
Heap:
 PSYoungGen      total 194048K, used 113142K [0x00000000e0000000, 0x00000000f1300000, 0x0000000100000000)
  eden space 172032K, 65% used [0x00000000e0000000,0x00000000e6e7d918,0x00000000ea800000)
  from space 22016K, 0% used [0x00000000ea800000,0x00000000ea800000,0x00000000ebd80000)
  to   space 24064K, 0% used [0x00000000efb80000,0x00000000efb80000,0x00000000f1300000)
 ParOldGen       total 113664K, used 33828K [0x00000000a0000000, 0x00000000a6f00000, 0x00000000e0000000)
  object space 113664K, 29% used [0x00000000a0000000,0x00000000a2109068,0x00000000a6f00000)
 Metaspace       used 59925K, capacity 61780K, committed 62040K, reserved 1103872K
  class space    used 8079K, capacity 8568K, committed 8576K, reserved 1048576K
GC Heap History (10 events):
Event: 58.297 GC heap before
{Heap before GC invocations=10 (full 2):
 PSYoungGen      total 148992K, used 10555K [0x00000000e0000000, 0x00000000ebc00000, 0x0000000100000000)
  eden space 136192K, 0% used [0x00000000e0000000,0x00000000e0000000,0x00000000e8500000)
  from space 12800K, 82% used [0x00000000e9280000,0x00000000e9ccec88,0x00000000e9f00000)
  to   space 13824K, 0% used [0x00000000e8500000,0x00000000e8500000,0x00000000e9280000)
 ParOldGen       total 54272K, used 7475K [0x00000000a0000000, 0x00000000a3500000, 0x00000000e0000000)
  object space 54272K, 13% used [0x00000000a0000000,0x00000000a074cf90,0x00000000a3500000)
 Metaspace       used 34555K, capacity 35176K, committed 35416K, reserved 1079296K
  class space    used 4742K, capacity 4928K, committed 4992K, reserved 1048576K
Event: 58.544 GC heap after
Heap after GC invocations=10 (full 2):
 PSYoungGen      total 148992K, used 0K [0x00000000e0000000, 0x00000000ebc00000, 0x0000000100000000)
  eden space 136192K, 0% used [0x00000000e0000000,0x00000000e0000000,0x00000000e8500000)
  from space 12800K, 0% used [0x00000000e9280000,0x00000000e9280000,0x00000000e9f00000)
  to   space 13824K, 0% used [0x00000000e8500000,0x00000000e8500000,0x00000000e9280000)
 ParOldGen       total 81920K, used 17239K [0x00000000a0000000, 0x00000000a5000000, 0x00000000e0000000)
  object space 81920K, 21% used [0x00000000a0000000,0x00000000a10d5e68,0x00000000a5000000)
 Metaspace       used 34555K, capacity 35176K, committed 35416K, reserved 1079296K
  class space    used 4742K, capacity 4928K, committed 4992K, reserved 1048576K
}
Event: 84.588 GC heap before
{Heap before GC invocations=11 (full 2):
 PSYoungGen      total 148992K, used 136192K [0x00000000e0000000, 0x00000000ebc00000, 0x0000000100000000)
  eden space 136192K, 100% used [0x00000000e0000000,0x00000000e8500000,0x00000000e8500000)
  from space 12800K, 0% used [0x00000000e9280000,0x00000000e9280000,0x00000000e9f00000)
  to   space 13824K, 0% used [0x00000000e8500000,0x00000000e8500000,0x00000000e9280000)
 ParOldGen       total 81920K, used 17239K [0x00000000a0000000, 0x00000000a5000000, 0x00000000e0000000)
  object space 81920K, 21% used [0x00000000a0000000,0x00000000a10d5e68,0x00000000a5000000)
 Metaspace       used 46008K, capacity 47042K, committed 47192K, reserved 1089536K
  class space    used 6190K, capacity 6484K, committed 6528K, reserved 1048576K
Event: 84.682 GC heap after
Heap after GC invocations=11 (full 2):
 PSYoungGen      total 150016K, used 13800K [0x00000000e0000000, 0x00000000ece00000, 0x0000000100000000)
  eden space 136192K, 0% used [0x00000000e0000000,0x00000000e0000000,0x00000000e8500000)
  from space 13824K, 99% used [0x00000000e8500000,0x00000000e927a250,0x00000000e9280000)
  to   space 16896K, 0% used [0x00000000ebd80000,0x00000000ebd80000,0x00000000ece00000)
 ParOldGen       total 81920K, used 20151K [0x00000000a0000000, 0x00000000a5000000, 0x00000000e0000000)
  object space 81920K, 24% used [0x00000000a0000000,0x00000000a13adef0,0x00000000a5000000)
 Metaspace       used 46008K, capacity 47042K, committed 47192K, reserved 1089536K
  class space    used 6190K, capacity 6484K, committed 6528K, reserved 1048576K
}
Event: 112.622 GC heap before
{Heap before GC invocations=12 (full 2):
 PSYoungGen      total 150016K, used 149992K [0x00000000e0000000, 0x00000000ece00000, 0x0000000100000000)
  eden space 136192K, 100% used [0x00000000e0000000,0x00000000e8500000,0x00000000e8500000)
  from space 13824K, 99% used [0x00000000e8500000,0x00000000e927a250,0x00000000e9280000)
  to   space 16896K, 0% used [0x00000000ebd80000,0x00000000ebd80000,0x00000000ece00000)
 ParOldGen       total 81920K, used 20151K [0x00000000a0000000, 0x00000000a5000000, 0x00000000e0000000)
  object space 81920K, 24% used [0x00000000a0000000,0x00000000a13adef0,0x00000000a5000000)
 Metaspace       used 54945K, capacity 56662K, committed 56792K, reserved 1097728K
  class space    used 7451K, capacity 7911K, committed 7936K, reserved 1048576K
Event: 112.691 GC heap after
Heap after GC invocations=12 (full 2):
 PSYoungGen      total 188928K, used 16884K [0x00000000e0000000, 0x00000000ed400000, 0x0000000100000000)
  eden space 172032K, 0% used [0x00000000e0000000,0x00000000e0000000,0x00000000ea800000)
  from space 16896K, 99% used [0x00000000ebd80000,0x00000000ecdfd340,0x00000000ece00000)
  to   space 22016K, 0% used [0x00000000ea800000,0x00000000ea800000,0x00000000ebd80000)
 ParOldGen       total 81920K, used 27891K [0x00000000a0000000, 0x00000000a5000000, 0x00000000e0000000)
  object space 81920K, 34% used [0x00000000a0000000,0x00000000a1b3cd20,0x00000000a5000000)
 Metaspace       used 54945K, capacity 56662K, committed 56792K, reserved 1097728K
  class space    used 7451K, capacity 7911K, committed 7936K, reserved 1048576K
}
Event: 114.770 GC heap before
{Heap before GC invocations=13 (full 2):
 PSYoungGen      total 188928K, used 40175K [0x00000000e0000000, 0x00000000ed400000, 0x0000000100000000)
  eden space 172032K, 13% used [0x00000000e0000000,0x00000000e16bec18,0x00000000ea800000)
  from space 16896K, 99% used [0x00000000ebd80000,0x00000000ecdfd340,0x00000000ece00000)
  to   space 22016K, 0% used [0x00000000ea800000,0x00000000ea800000,0x00000000ebd80000)
 ParOldGen       total 81920K, used 27891K [0x00000000a0000000, 0x00000000a5000000, 0x00000000e0000000)
  object space 81920K, 34% used [0x00000000a0000000,0x00000000a1b3cd20,0x00000000a5000000)
 Metaspace       used 57247K, capacity 58906K, committed 59028K, reserved 1099776K
  class space    used 7705K, capacity 8139K, committed 8192K, reserved 1048576K
Event: 114.839 GC heap after
Heap after GC invocations=13 (full 2):
 PSYoungGen      total 194048K, used 19653K [0x00000000e0000000, 0x00000000f1300000, 0x0000000100000000)
  eden space 172032K, 0% used [0x00000000e0000000,0x00000000e0000000,0x00000000ea800000)
  from space 22016K, 89% used [0x00000000ea800000,0x00000000ebb31728,0x00000000ebd80000)
  to   space 24064K, 0% used [0x00000000efb80000,0x00000000efb80000,0x00000000f1300000)
 ParOldGen       total 81920K, used 27899K [0x00000000a0000000, 0x00000000a5000000, 0x00000000e0000000)
  object space 81920K, 34% used [0x00000000a0000000,0x00000000a1b3ed20,0x00000000a5000000)
 Metaspace       used 57247K, capacity 58906K, committed 59028K, reserved 1099776K
  class space    used 7705K, capacity 8139K, committed 8192K, reserved 1048576K
}
Event: 114.839 GC heap before
{Heap before GC invocations=14 (full 3):
 PSYoungGen      total 194048K, used 19653K [0x00000000e0000000, 0x00000000f1300000, 0x0000000100000000)
  eden space 172032K, 0% used [0x00000000e0000000,0x00000000e0000000,0x00000000ea800000)
  from space 22016K, 89% used [0x00000000ea800000,0x00000000ebb31728,0x00000000ebd80000)
  to   space 24064K, 0% used [0x00000000efb80000,0x00000000efb80000,0x00000000f1300000)
 ParOldGen       total 81920K, used 27899K [0x00000000a0000000, 0x00000000a5000000, 0x00000000e0000000)
  object space 81920K, 34% used [0x00000000a0000000,0x00000000a1b3ed20,0x00000000a5000000)
 Metaspace       used 57247K, capacity 58906K, committed 59028K, reserved 1099776K
  class space    used 7705K, capacity 8139K, committed 8192K, reserved 1048576K
Event: 115.283 GC heap after
Heap after GC invocations=14 (full 3):
 PSYoungGen      total 194048K, used 0K [0x00000000e0000000, 0x00000000f1300000, 0x0000000100000000)
  eden space 172032K, 0% used [0x00000000e0000000,0x00000000e0000000,0x00000000ea800000)
  from space 22016K, 0% used [0x00000000ea800000,0x00000000ea800000,0x00000000ebd80000)
  to   space 24064K, 0% used [0x00000000efb80000,0x00000000efb80000,0x00000000f1300000)
 ParOldGen       total 113664K, used 33828K [0x00000000a0000000, 0x00000000a6f00000, 0x00000000e0000000)
  object space 113664K, 29% used [0x00000000a0000000,0x00000000a2109068,0x00000000a6f00000)
 Metaspace       used 57247K, capacity 58906K, committed 59028K, reserved 1099776K
  class space    used 7705K, capacity 8139K, committed 8192K, reserved 1048576K
}

