# JRE version: OpenJDK Runtime Environment (8.0_202-b03) (build 1.8.0_202-release-1483-b03)
# Java VM: OpenJDK 64-Bit Server VM (25.202-b03 mixed mode windows-amd64 compressed oops)
Heap:
 PSYoungGen      total 289280K, used 158706K [0x00000000e0000000, 0x00000000f8700000, 0x0000000100000000)
  eden space 202752K, 62% used [0x00000000e0000000,0x00000000e7b2e788,0x00000000ec600000)
  from space 86528K, 37% used [0x00000000ec600000,0x00000000ee5ce278,0x00000000f1a80000)
  to   space 81408K, 0% used [0x00000000f3780000,0x00000000f3780000,0x00000000f8700000)
 ParOldGen       total 299008K, used 167853K [0x00000000a0000000, 0x00000000b2400000, 0x00000000e0000000)
  object space 299008K, 56% used [0x00000000a0000000,0x00000000aa3eb5d0,0x00000000b2400000)
 Metaspace       used 88678K, capacity 92060K, committed 92376K, reserved 1130496K
  class space    used 11449K, capacity 12131K, committed 12288K, reserved 1048576K
GC Heap History (10 events):
Event: 4515.044 GC heap before
{Heap before GC invocations=26 (full 4):
 PSYoungGen      total 199168K, used 182210K [0x00000000e0000000, 0x00000000f0080000, 0x0000000100000000)
  eden space 161792K, 99% used [0x00000000e0000000,0x00000000e9de2658,0x00000000e9e00000)
  from space 37376K, 54% used [0x00000000e9e00000,0x00000000eb20e570,0x00000000ec280000)
  to   space 36864K, 0% used [0x00000000edc80000,0x00000000edc80000,0x00000000f0080000)
 ParOldGen       total 189952K, used 89161K [0x00000000a0000000, 0x00000000ab980000, 0x00000000e0000000)
  object space 189952K, 46% used [0x00000000a0000000,0x00000000a5712710,0x00000000ab980000)
 Metaspace       used 83472K, capacity 86304K, committed 86616K, reserved 1124352K
  class space    used 10711K, capacity 11321K, committed 11392K, reserved 1048576K
Event: 4515.103 GC heap after
Heap after GC invocations=26 (full 4):
 PSYoungGen      total 223232K, used 29187K [0x00000000e0000000, 0x00000000f0380000, 0x0000000100000000)
  eden space 186368K, 0% used [0x00000000e0000000,0x00000000e0000000,0x00000000eb600000)
  from space 36864K, 79% used [0x00000000edc80000,0x00000000ef900c10,0x00000000f0080000)
  to   space 39424K, 0% used [0x00000000eb600000,0x00000000eb600000,0x00000000edc80000)
 ParOldGen       total 189952K, used 89177K [0x00000000a0000000, 0x00000000ab980000, 0x00000000e0000000)
  object space 189952K, 46% used [0x00000000a0000000,0x00000000a5716710,0x00000000ab980000)
 Metaspace       used 83472K, capacity 86304K, committed 86616K, reserved 1124352K
  class space    used 10711K, capacity 11321K, committed 11392K, reserved 1048576K
}
Event: 4526.109 GC heap before
{Heap before GC invocations=27 (full 4):
 PSYoungGen      total 223232K, used 215555K [0x00000000e0000000, 0x00000000f0380000, 0x0000000100000000)
  eden space 186368K, 100% used [0x00000000e0000000,0x00000000eb600000,0x00000000eb600000)
  from space 36864K, 79% used [0x00000000edc80000,0x00000000ef900c10,0x00000000f0080000)
  to   space 39424K, 0% used [0x00000000eb600000,0x00000000eb600000,0x00000000edc80000)
 ParOldGen       total 189952K, used 89177K [0x00000000a0000000, 0x00000000ab980000, 0x00000000e0000000)
  object space 189952K, 46% used [0x00000000a0000000,0x00000000a5716710,0x00000000ab980000)
 Metaspace       used 84446K, capacity 87408K, committed 87512K, reserved 1126400K
  class space    used 10846K, capacity 11473K, committed 11520K, reserved 1048576K
Event: 4526.473 GC heap after
Heap after GC invocations=27 (full 4):
 PSYoungGen      total 225792K, used 39394K [0x00000000e0000000, 0x00000000f5a80000, 0x0000000100000000)
  eden space 186368K, 0% used [0x00000000e0000000,0x00000000e0000000,0x00000000eb600000)
  from space 39424K, 99% used [0x00000000eb600000,0x00000000edc78a78,0x00000000edc80000)
  to   space 65536K, 0% used [0x00000000f1a80000,0x00000000f1a80000,0x00000000f5a80000)
 ParOldGen       total 189952K, used 143717K [0x00000000a0000000, 0x00000000ab980000, 0x00000000e0000000)
  object space 189952K, 75% used [0x00000000a0000000,0x00000000a8c59778,0x00000000ab980000)
 Metaspace       used 84446K, capacity 87408K, committed 87512K, reserved 1126400K
  class space    used 10846K, capacity 11473K, committed 11520K, reserved 1048576K
}
Event: 4532.192 GC heap before
{Heap before GC invocations=28 (full 4):
 PSYoungGen      total 225792K, used 225762K [0x00000000e0000000, 0x00000000f5a80000, 0x0000000100000000)
  eden space 186368K, 100% used [0x00000000e0000000,0x00000000eb600000,0x00000000eb600000)
  from space 39424K, 99% used [0x00000000eb600000,0x00000000edc78a78,0x00000000edc80000)
  to   space 65536K, 0% used [0x00000000f1a80000,0x00000000f1a80000,0x00000000f5a80000)
 ParOldGen       total 189952K, used 143717K [0x00000000a0000000, 0x00000000ab980000, 0x00000000e0000000)
  object space 189952K, 75% used [0x00000000a0000000,0x00000000a8c59778,0x00000000ab980000)
 Metaspace       used 84787K, capacity 87732K, committed 88024K, reserved 1126400K
  class space    used 10858K, capacity 11481K, committed 11520K, reserved 1048576K
Event: 4532.649 GC heap after
Heap after GC invocations=28 (full 4):
 PSYoungGen      total 268288K, used 65518K [0x00000000e0000000, 0x00000000f8f80000, 0x0000000100000000)
  eden space 202752K, 0% used [0x00000000e0000000,0x00000000e0000000,0x00000000ec600000)
  from space 65536K, 99% used [0x00000000f1a80000,0x00000000f5a7b8f8,0x00000000f5a80000)
  to   space 86528K, 0% used [0x00000000ec600000,0x00000000ec600000,0x00000000f1a80000)
 ParOldGen       total 189952K, used 169728K [0x00000000a0000000, 0x00000000ab980000, 0x00000000e0000000)
  object space 189952K, 89% used [0x00000000a0000000,0x00000000aa5c0220,0x00000000ab980000)
 Metaspace       used 84787K, capacity 87732K, committed 88024K, reserved 1126400K
  class space    used 10858K, capacity 11481K, committed 11520K, reserved 1048576K
}
Event: 4532.649 GC heap before
{Heap before GC invocations=29 (full 5):
 PSYoungGen      total 268288K, used 65518K [0x00000000e0000000, 0x00000000f8f80000, 0x0000000100000000)
  eden space 202752K, 0% used [0x00000000e0000000,0x00000000e0000000,0x00000000ec600000)
  from space 65536K, 99% used [0x00000000f1a80000,0x00000000f5a7b8f8,0x00000000f5a80000)
  to   space 86528K, 0% used [0x00000000ec600000,0x00000000ec600000,0x00000000f1a80000)
 ParOldGen       total 189952K, used 169728K [0x00000000a0000000, 0x00000000ab980000, 0x00000000e0000000)
  object space 189952K, 89% used [0x00000000a0000000,0x00000000aa5c0220,0x00000000ab980000)
 Metaspace       used 84787K, capacity 87732K, committed 88024K, reserved 1126400K
  class space    used 10858K, capacity 11481K, committed 11520K, reserved 1048576K
Event: 4535.336 GC heap after
Heap after GC invocations=29 (full 5):
 PSYoungGen      total 268288K, used 0K [0x00000000e0000000, 0x00000000f8f80000, 0x0000000100000000)
  eden space 202752K, 0% used [0x00000000e0000000,0x00000000e0000000,0x00000000ec600000)
  from space 65536K, 0% used [0x00000000f1a80000,0x00000000f1a80000,0x00000000f5a80000)
  to   space 86528K, 0% used [0x00000000ec600000,0x00000000ec600000,0x00000000f1a80000)
 ParOldGen       total 299008K, used 167845K [0x00000000a0000000, 0x00000000b2400000, 0x00000000e0000000)
  object space 299008K, 56% used [0x00000000a0000000,0x00000000aa3e95d0,0x00000000b2400000)
 Metaspace       used 84713K, capacity 87536K, committed 88024K, reserved 1126400K
  class space    used 10832K, capacity 11435K, committed 11520K, reserved 1048576K
}
Event: 4548.804 GC heap before
{Heap before GC invocations=30 (full 5):
 PSYoungGen      total 268288K, used 202752K [0x00000000e0000000, 0x00000000f8f80000, 0x0000000100000000)
  eden space 202752K, 100% used [0x00000000e0000000,0x00000000ec600000,0x00000000ec600000)
  from space 65536K, 0% used [0x00000000f1a80000,0x00000000f1a80000,0x00000000f5a80000)
  to   space 86528K, 0% used [0x00000000ec600000,0x00000000ec600000,0x00000000f1a80000)
 ParOldGen       total 299008K, used 167845K [0x00000000a0000000, 0x00000000b2400000, 0x00000000e0000000)
  object space 299008K, 56% used [0x00000000a0000000,0x00000000aa3e95d0,0x00000000b2400000)
 Metaspace       used 86441K, capacity 89490K, committed 89560K, reserved 1126400K
  class space    used 11074K, capacity 11708K, committed 11776K, reserved 1048576K
Event: 4548.828 GC heap after
Heap after GC invocations=30 (full 5):
 PSYoungGen      total 289280K, used 32568K [0x00000000e0000000, 0x00000000f8700000, 0x0000000100000000)
  eden space 202752K, 0% used [0x00000000e0000000,0x00000000e0000000,0x00000000ec600000)
  from space 86528K, 37% used [0x00000000ec600000,0x00000000ee5ce278,0x00000000f1a80000)
  to   space 81408K, 0% used [0x00000000f3780000,0x00000000f3780000,0x00000000f8700000)
 ParOldGen       total 299008K, used 167853K [0x00000000a0000000, 0x00000000b2400000, 0x00000000e0000000)
  object space 299008K, 56% used [0x00000000a0000000,0x00000000aa3eb5d0,0x00000000b2400000)
 Metaspace       used 86441K, capacity 89490K, committed 89560K, reserved 1126400K
  class space    used 11074K, capacity 11708K, committed 11776K, reserved 1048576K
}

